<?xml version="1.0" encoding="UTF-8"?>
<!-- Generated by org.testng.reporters.JUnitXMLReporter -->
<testsuite ignored="0" hostname="LAPTOP-5HVVEL57" failures="1" tests="1" name="Test1" time="12.625" errors="0" timestamp="2023-11-24T09:56:52 IST">
  <testcase classname="com.hra.owner.G_apartmentRoomRegTest" name="apartmentRoomRegTest" time="2.412">
    <failure type="java.lang.AssertionError" message="did not expect [125] but found [125]">
      <![CDATA[java.lang.AssertionError: did not expect [125] but found [125]
at com.ObjectRepo.OwnerHomePage.validateCount(OwnerHomePage.java:84)
at com.hra.owner.G_apartmentRoomRegTest.apartmentRoomRegTest(G_apartmentRoomRegTest.java:43)
at java.base/java.util.ArrayList.forEach(ArrayList.java:1511)
at java.base/java.util.concurrent.FutureTask.run(FutureTask.java:264)
at java.base/java.util.concurrent.ThreadPoolExecutor.runWorker(ThreadPoolExecutor.java:1136)
at java.base/java.util.concurrent.ThreadPoolExecutor$Worker.run(ThreadPoolExecutor.java:635)
at java.base/java.lang.Thread.run(Thread.java:833)
... Removed 22 stack frames]]>
    </failure>
  </testcase> <!-- apartmentRoomRegTest -->
</testsuite> <!-- Test1 -->
