<?xml version="1.0" encoding="UTF-8"?>
<!-- Generated by org.testng.reporters.JUnitXMLReporter -->
<testsuite ignored="4" hostname="LAPTOP-5HVVEL57" failures="2" tests="3" name="Test" time="25.769" errors="0" timestamp="2023-11-23T15:42:44 IST">
  <testcase classname="com.hra.owner.G_apartmentRoomRegTest" name="apartmentRoomRegTest" time="1.64">
    <failure type="java.lang.AssertionError" message="did not expect [119] but found [119]">
      <![CDATA[java.lang.AssertionError: did not expect [119] but found [119]
at com.ObjectRepo.OwnerHomePage.validateCount(OwnerHomePage.java:84)
at com.hra.owner.G_apartmentRoomRegTest.apartmentRoomRegTest(G_apartmentRoomRegTest.java:43)
at java.base/java.util.ArrayList.forEach(ArrayList.java:1511)
at java.base/java.util.concurrent.FutureTask.run(FutureTask.java:264)
at java.base/java.util.concurrent.ThreadPoolExecutor.runWorker(ThreadPoolExecutor.java:1136)
at java.base/java.util.concurrent.ThreadPoolExecutor$Worker.run(ThreadPoolExecutor.java:635)
at java.base/java.lang.Thread.run(Thread.java:833)
... Removed 22 stack frames]]>
    </failure>
  </testcase> <!-- apartmentRoomRegTest -->
  <testcase classname="com.hra.owner.G_DetailsUpdateTest" name="DetailsUpdateTest" time="8.053">
    <failure type="org.openqa.selenium.NoSuchElementException" message="no such element: Unable to locate element: {&amp;quot;method&amp;quot;:&amp;quot;xpath&amp;quot;,&amp;quot;selector&amp;quot;:&amp;quot;//h2[text()=&amp;apos;Register Room&amp;apos;]/parent::div[@class=&amp;quot;alert alert-info&amp;quot;]/descendant::div[text()=&amp;apos;Registration successfull. Thank you&amp;apos;]&amp;quot;}
  (Session info: chrome=119.0.6045.160)
For documentation on this error, please visit: https://www.selenium.dev/documentation/webdriver/troubleshooting/errors#no-such-element-exception
Build info: version: &amp;apos;4.13.0&amp;apos;, revision: &amp;apos;ba948ece5b*&amp;apos;
System info: os.name: &amp;apos;Windows 11&amp;apos;, os.arch: &amp;apos;amd64&amp;apos;, os.version: &amp;apos;10.0&amp;apos;, java.version: &amp;apos;17.0.8&amp;apos;
Driver info: org.openqa.selenium.chrome.ChromeDriver
Command: [ecf8424b0304264f56cf63e554a7871e, findElement {using=xpath, value=//h2[text()=&amp;apos;Register Room&amp;apos;]/parent::div[@class=&amp;quot;alert alert-info&amp;quot;]/descendant::div[text()=&amp;apos;Registration successfull. Thank you&amp;apos;]}]
Capabilities {acceptInsecureCerts: false, browserName: chrome, browserVersion: 119.0.6045.160, chrome: {chromedriverVersion: 119.0.6045.105 (38c72552c5e..., userDataDir: C:\Users\SUSEE\AppData\Loca...}, fedcm:accounts: true, goog:chromeOptions: {debuggerAddress: localhost:62160}, networkConnectionEnabled: false, pageLoadStrategy: normal, platformName: windows, proxy: Proxy(), se:cdp: ws://localhost:62160/devtoo..., se:cdpVersion: 119.0.6045.160, setWindowRect: true, strictFileInteractability: false, timeouts: {implicit: 0, pageLoad: 300000, script: 30000}, unhandledPromptBehavior: dismiss and notify, webauthn:extension:credBlob: true, webauthn:extension:largeBlob: true, webauthn:extension:minPinLength: true, webauthn:extension:prf: true, webauthn:virtualAuthenticators: true}
Session ID: ecf8424b0304264f56cf63e554a7871e">
      <![CDATA[org.openqa.selenium.NoSuchElementException: no such element: Unable to locate element: {"method":"xpath","selector":"//h2[text()='Register Room']/parent::div[@class="alert alert-info"]/descendant::div[text()='Registration successfull. Thank you']"}
  (Session info: chrome=119.0.6045.160)
For documentation on this error, please visit: https://www.selenium.dev/documentation/webdriver/troubleshooting/errors#no-such-element-exception
Build info: version: '4.13.0', revision: 'ba948ece5b*'
System info: os.name: 'Windows 11', os.arch: 'amd64', os.version: '10.0', java.version: '17.0.8'
Driver info: org.openqa.selenium.chrome.ChromeDriver
Command: [ecf8424b0304264f56cf63e554a7871e, findElement {using=xpath, value=//h2[text()='Register Room']/parent::div[@class="alert alert-info"]/descendant::div[text()='Registration successfull. Thank you']}]
Capabilities {acceptInsecureCerts: false, browserName: chrome, browserVersion: 119.0.6045.160, chrome: {chromedriverVersion: 119.0.6045.105 (38c72552c5e..., userDataDir: C:\Users\SUSEE\AppData\Loca...}, fedcm:accounts: true, goog:chromeOptions: {debuggerAddress: localhost:62160}, networkConnectionEnabled: false, pageLoadStrategy: normal, platformName: windows, proxy: Proxy(), se:cdp: ws://localhost:62160/devtoo..., se:cdpVersion: 119.0.6045.160, setWindowRect: true, strictFileInteractability: false, timeouts: {implicit: 0, pageLoad: 300000, script: 30000}, unhandledPromptBehavior: dismiss and notify, webauthn:extension:credBlob: true, webauthn:extension:largeBlob: true, webauthn:extension:minPinLength: true, webauthn:extension:prf: true, webauthn:virtualAuthenticators: true}
Session ID: ecf8424b0304264f56cf63e554a7871e
at org.openqa.selenium.remote.codec.w3c.W3CHttpResponseCodec.createException(W3CHttpResponseCodec.java:200)
at org.openqa.selenium.remote.codec.w3c.W3CHttpResponseCodec.decode(W3CHttpResponseCodec.java:133)
at org.openqa.selenium.remote.codec.w3c.W3CHttpResponseCodec.decode(W3CHttpResponseCodec.java:52)
at org.openqa.selenium.remote.HttpCommandExecutor.execute(HttpCommandExecutor.java:191)
at org.openqa.selenium.remote.service.DriverCommandExecutor.invokeExecute(DriverCommandExecutor.java:196)
at org.openqa.selenium.remote.service.DriverCommandExecutor.execute(DriverCommandExecutor.java:171)
at org.openqa.selenium.remote.RemoteWebDriver.execute(RemoteWebDriver.java:602)
at org.openqa.selenium.remote.ElementLocation$ElementFinder$2.findElement(ElementLocation.java:165)
at org.openqa.selenium.remote.ElementLocation.findElement(ElementLocation.java:59)
at org.openqa.selenium.remote.RemoteWebDriver.findElement(RemoteWebDriver.java:359)
at org.openqa.selenium.remote.RemoteWebDriver.findElement(RemoteWebDriver.java:353)
at org.openqa.selenium.support.pagefactory.DefaultElementLocator.findElement(DefaultElementLocator.java:68)
at org.openqa.selenium.support.pagefactory.internal.LocatingElementHandler.invoke(LocatingElementHandler.java:38)
at jdk.proxy2/jdk.proxy2.$Proxy22.getText(Unknown Source)
at com.ObjectRepo.HomeRegisterPage.confirmationMsg(HomeRegisterPage.java:173)
at com.hra.owner.G_DetailsUpdateTest.DetailsUpdateTest(G_DetailsUpdateTest.java:28)
at java.base/java.util.ArrayList.forEach(ArrayList.java:1511)
at java.base/java.util.concurrent.FutureTask.run(FutureTask.java:264)
at java.base/java.util.concurrent.ThreadPoolExecutor.runWorker(ThreadPoolExecutor.java:1136)
at java.base/java.util.concurrent.ThreadPoolExecutor$Worker.run(ThreadPoolExecutor.java:635)
at java.base/java.lang.Thread.run(Thread.java:833)
... Removed 22 stack frames]]>
    </failure>
  </testcase> <!-- DetailsUpdateTest -->
  <testcase classname="com.hra.owner.G_HouseRegisterTest" name="HouseRegisterTestain" time="3.49"/>
  <testcase classname="com.realestate.GenericUtils.BaseClass" name="@AfterSuite conf_AS" time="0.0">
    <ignored/>
  </testcase> <!-- @AfterSuite conf_AS -->
  <testcase classname="com.realestate.GenericUtils.BaseClass" name="@BeforeSuite conf_BS" time="0.0">
    <ignored/>
  </testcase> <!-- @BeforeSuite conf_BS -->
  <testcase classname="com.realestate.GenericUtils.BaseClass" name="@AfterSuite conf_AS" time="0.0">
    <ignored/>
  </testcase> <!-- @AfterSuite conf_AS -->
  <testcase classname="com.realestate.GenericUtils.BaseClass" name="@BeforeSuite conf_BS" time="0.0">
    <ignored/>
  </testcase> <!-- @BeforeSuite conf_BS -->
</testsuite> <!-- Test -->
