<?xml version="1.0" encoding="UTF-8"?>
<testng-results ignored="0" total="3" passed="1" failed="2" skipped="0">
  <reporter-output>
    <line>
      <![CDATA[DetailsUpdateTest---Testscript Execution starts here---]]>
    </line>
    <line>
      <![CDATA[apartmentRoomRegTest---Testscript Execution starts here---]]>
    </line>
    <line>
      <![CDATA[HouseRegisterTestain---Testscript Execution starts here---]]>
    </line>
    <line>
      <![CDATA[apartmentRoomRegTestThu Nov 30 16:23:22 IST 2023---Testscript execution failed--]]>
    </line>
    <line>
      <![CDATA[HouseRegisterTestainThu Nov 30 16:23:32 IST 2023---Testscript execution failed--]]>
    </line>
    <line>
      <![CDATA[DetailsUpdateTest--Testscript executed successfully--]]>
    </line>
  </reporter-output>
  <suite started-at="2023-11-30T16:22:55 IST" name="Suite" finished-at="2023-11-30T16:23:33 IST" duration-ms="37571">
    <groups>
      <group name="integration">
        <method signature="G_HouseRegisterTest.HouseRegisterTestain()[pri:0, instance:com.hra.owner.G_HouseRegisterTest@4e08711f]" name="HouseRegisterTestain" class="com.hra.owner.G_HouseRegisterTest"/>
      </group> <!-- integration -->
      <group name="smoke">
        <method signature="G_apartmentRoomRegTest.apartmentRoomRegTest()[pri:0, instance:com.hra.owner.G_apartmentRoomRegTest@776aec5c]" name="apartmentRoomRegTest" class="com.hra.owner.G_apartmentRoomRegTest"/>
      </group> <!-- smoke -->
    </groups>
    <test started-at="2023-11-30T16:22:55 IST" name="Test1" finished-at="2023-11-30T16:23:23 IST" duration-ms="27883">
      <class name="com.hra.owner.G_apartmentRoomRegTest">
        <test-method is-config="true" signature="conf_BC()[pri:0, instance:com.hra.owner.G_apartmentRoomRegTest@776aec5c]" started-at="2023-11-30T16:22:56 IST" name="conf_BC" finished-at="2023-11-30T16:23:16 IST" duration-ms="20022" status="PASS">
          <reporter-output>
          </reporter-output>
        </test-method> <!-- conf_BC -->
        <test-method is-config="true" signature="conf_BM()[pri:0, instance:com.hra.owner.G_apartmentRoomRegTest@776aec5c]" started-at="2023-11-30T16:23:16 IST" name="conf_BM" finished-at="2023-11-30T16:23:19 IST" duration-ms="2740" status="PASS">
          <reporter-output>
          </reporter-output>
        </test-method> <!-- conf_BM -->
        <test-method signature="apartmentRoomRegTest()[pri:0, instance:com.hra.owner.G_apartmentRoomRegTest@776aec5c]" started-at="2023-11-30T16:23:19 IST" name="apartmentRoomRegTest" finished-at="2023-11-30T16:23:22 IST" duration-ms="2845" status="FAIL">
          <exception class="java.lang.AssertionError">
            <message>
              <![CDATA[did not expect [130] but found [130]]]>
            </message>
            <full-stacktrace>
              <![CDATA[java.lang.AssertionError: did not expect [130] but found [130]
at org.testng.Assert.fail(Assert.java:110)
at org.testng.Assert.failEquals(Assert.java:1581)
at org.testng.Assert.assertNotEqualsImpl(Assert.java:156)
at org.testng.Assert.assertNotEquals(Assert.java:2197)
at org.testng.Assert.assertNotEquals(Assert.java:2219)
at com.ObjectRepo.OwnerHomePage.validateCount(OwnerHomePage.java:84)
at com.hra.owner.G_apartmentRoomRegTest.apartmentRoomRegTest(G_apartmentRoomRegTest.java:43)
at java.base/jdk.internal.reflect.NativeMethodAccessorImpl.invoke0(Native Method)
at java.base/jdk.internal.reflect.NativeMethodAccessorImpl.invoke(NativeMethodAccessorImpl.java:77)
at java.base/jdk.internal.reflect.DelegatingMethodAccessorImpl.invoke(DelegatingMethodAccessorImpl.java:43)
at java.base/java.lang.reflect.Method.invoke(Method.java:568)
at org.testng.internal.invokers.MethodInvocationHelper.invokeMethod(MethodInvocationHelper.java:139)
at org.testng.internal.invokers.TestInvoker.invokeMethod(TestInvoker.java:677)
at org.testng.internal.invokers.TestInvoker.invokeTestMethod(TestInvoker.java:221)
at org.testng.internal.invokers.MethodRunner.runInSequence(MethodRunner.java:50)
at org.testng.internal.invokers.TestInvoker$MethodInvocationAgent.invoke(TestInvoker.java:969)
at org.testng.internal.invokers.TestInvoker.invokeTestMethods(TestInvoker.java:194)
at org.testng.internal.invokers.TestMethodWorker.invokeTestMethods(TestMethodWorker.java:148)
at org.testng.internal.invokers.TestMethodWorker.run(TestMethodWorker.java:128)
at java.base/java.util.ArrayList.forEach(ArrayList.java:1511)
at org.testng.TestRunner.privateRun(TestRunner.java:829)
at org.testng.TestRunner.run(TestRunner.java:602)
at org.testng.SuiteRunner.runTest(SuiteRunner.java:437)
at org.testng.SuiteRunner$SuiteWorker.run(SuiteRunner.java:475)
at org.testng.internal.thread.ThreadUtil.lambda$execute$0(ThreadUtil.java:58)
at java.base/java.util.concurrent.FutureTask.run(FutureTask.java:264)
at java.base/java.util.concurrent.ThreadPoolExecutor.runWorker(ThreadPoolExecutor.java:1136)
at java.base/java.util.concurrent.ThreadPoolExecutor$Worker.run(ThreadPoolExecutor.java:635)
at java.base/java.lang.Thread.run(Thread.java:833)
]]>
            </full-stacktrace>
          </exception> <!-- java.lang.AssertionError -->
          <reporter-output>
            <line>
              <![CDATA[apartmentRoomRegTest---Testscript Execution starts here---]]>
            </line>
            <line>
              <![CDATA[apartmentRoomRegTestThu Nov 30 16:23:22 IST 2023---Testscript execution failed--]]>
            </line>
          </reporter-output>
        </test-method> <!-- apartmentRoomRegTest -->
        <test-method is-config="true" signature="conf_AM()[pri:0, instance:com.hra.owner.G_apartmentRoomRegTest@776aec5c]" started-at="2023-11-30T16:23:22 IST" name="conf_AM" finished-at="2023-11-30T16:23:22 IST" duration-ms="423" status="PASS">
          <reporter-output>
          </reporter-output>
        </test-method> <!-- conf_AM -->
        <test-method is-config="true" signature="conf_AC()[pri:0, instance:com.hra.owner.G_apartmentRoomRegTest@776aec5c]" started-at="2023-11-30T16:23:22 IST" name="conf_AC" finished-at="2023-11-30T16:23:23 IST" duration-ms="1010" status="PASS">
          <reporter-output>
          </reporter-output>
        </test-method> <!-- conf_AC -->
      </class> <!-- com.hra.owner.G_apartmentRoomRegTest -->
    </test> <!-- Test1 -->
    <test started-at="2023-11-30T16:22:55 IST" name="Test3" finished-at="2023-11-30T16:23:33 IST" duration-ms="37571">
      <class name="com.hra.owner.G_DetailsUpdateTest">
        <test-method is-config="true" signature="conf_BS()[pri:0, instance:com.hra.owner.G_DetailsUpdateTest@40005471]" started-at="2023-11-30T16:22:55 IST" name="conf_BS" finished-at="2023-11-30T16:22:55 IST" duration-ms="383" status="PASS">
          <reporter-output>
          </reporter-output>
        </test-method> <!-- conf_BS -->
        <test-method is-config="true" signature="conf_BC()[pri:0, instance:com.hra.owner.G_DetailsUpdateTest@40005471]" started-at="2023-11-30T16:22:56 IST" name="conf_BC" finished-at="2023-11-30T16:23:16 IST" duration-ms="20031" status="PASS">
          <reporter-output>
          </reporter-output>
        </test-method> <!-- conf_BC -->
        <test-method is-config="true" signature="conf_BM()[pri:0, instance:com.hra.owner.G_DetailsUpdateTest@40005471]" started-at="2023-11-30T16:23:16 IST" name="conf_BM" finished-at="2023-11-30T16:23:19 IST" duration-ms="2595" status="PASS">
          <reporter-output>
          </reporter-output>
        </test-method> <!-- conf_BM -->
        <test-method signature="DetailsUpdateTest()[pri:0, instance:com.hra.owner.G_DetailsUpdateTest@40005471]" started-at="2023-11-30T16:23:19 IST" name="DetailsUpdateTest" finished-at="2023-11-30T16:23:32 IST" duration-ms="13548" status="PASS">
          <reporter-output>
            <line>
              <![CDATA[DetailsUpdateTest---Testscript Execution starts here---]]>
            </line>
            <line>
              <![CDATA[DetailsUpdateTest--Testscript executed successfully--]]>
            </line>
          </reporter-output>
        </test-method> <!-- DetailsUpdateTest -->
        <test-method is-config="true" signature="conf_AM()[pri:0, instance:com.hra.owner.G_DetailsUpdateTest@40005471]" started-at="2023-11-30T16:23:32 IST" name="conf_AM" finished-at="2023-11-30T16:23:33 IST" duration-ms="457" status="PASS">
          <reporter-output>
          </reporter-output>
        </test-method> <!-- conf_AM -->
        <test-method is-config="true" signature="conf_AC()[pri:0, instance:com.hra.owner.G_DetailsUpdateTest@40005471]" started-at="2023-11-30T16:23:33 IST" name="conf_AC" finished-at="2023-11-30T16:23:33 IST" duration-ms="436" status="PASS">
          <reporter-output>
          </reporter-output>
        </test-method> <!-- conf_AC -->
        <test-method is-config="true" signature="conf_AS()[pri:0, instance:com.hra.owner.G_DetailsUpdateTest@40005471]" started-at="2023-11-30T16:23:33 IST" name="conf_AS" finished-at="2023-11-30T16:23:33 IST" duration-ms="14" status="PASS">
          <reporter-output>
          </reporter-output>
        </test-method> <!-- conf_AS -->
      </class> <!-- com.hra.owner.G_DetailsUpdateTest -->
    </test> <!-- Test3 -->
    <test started-at="2023-11-30T16:22:55 IST" name="Test2" finished-at="2023-11-30T16:23:33 IST" duration-ms="37557">
      <class name="com.hra.owner.G_HouseRegisterTest">
        <test-method is-config="true" signature="conf_BC()[pri:0, instance:com.hra.owner.G_HouseRegisterTest@4e08711f]" started-at="2023-11-30T16:22:56 IST" name="conf_BC" finished-at="2023-11-30T16:23:16 IST" duration-ms="20022" status="PASS">
          <reporter-output>
          </reporter-output>
        </test-method> <!-- conf_BC -->
        <test-method is-config="true" signature="conf_BM()[pri:0, instance:com.hra.owner.G_HouseRegisterTest@4e08711f]" started-at="2023-11-30T16:23:16 IST" name="conf_BM" finished-at="2023-11-30T16:23:19 IST" duration-ms="2818" status="PASS">
          <reporter-output>
          </reporter-output>
        </test-method> <!-- conf_BM -->
        <test-method signature="HouseRegisterTestain()[pri:0, instance:com.hra.owner.G_HouseRegisterTest@4e08711f]" started-at="2023-11-30T16:23:19 IST" name="HouseRegisterTestain" finished-at="2023-11-30T16:23:32 IST" duration-ms="13172" status="FAIL">
          <exception class="org.openqa.selenium.NoSuchElementException">
            <message>
              <![CDATA[no such element: Unable to locate element: {"method":"xpath","selector":"//h2[text()='Register Room']/parent::div[@class="alert alert-info"]/descendant::div[text()='Registration successfull. Thank you']"}
  (Session info: chrome=119.0.6045.200)
For documentation on this error, please visit: https://www.selenium.dev/documentation/webdriver/troubleshooting/errors#no-such-element-exception
Build info: version: '4.13.0', revision: 'ba948ece5b*'
System info: os.name: 'Windows 11', os.arch: 'amd64', os.version: '10.0', java.version: '17.0.8'
Driver info: org.openqa.selenium.chrome.ChromeDriver
Command: [b4e414ab142104fa503ddde744558d54, findElement {using=xpath, value=//h2[text()='Register Room']/parent::div[@class="alert alert-info"]/descendant::div[text()='Registration successfull. Thank you']}]
Capabilities {acceptInsecureCerts: false, browserName: chrome, browserVersion: 119.0.6045.200, chrome: {chromedriverVersion: 119.0.6045.105 (38c72552c5e..., userDataDir: C:\Users\SUSEE\AppData\Loca...}, fedcm:accounts: true, goog:chromeOptions: {debuggerAddress: localhost:58828}, networkConnectionEnabled: false, pageLoadStrategy: normal, platformName: windows, proxy: Proxy(), se:cdp: ws://localhost:58828/devtoo..., se:cdpVersion: 119.0.6045.200, setWindowRect: true, strictFileInteractability: false, timeouts: {implicit: 0, pageLoad: 300000, script: 30000}, unhandledPromptBehavior: dismiss and notify, webauthn:extension:credBlob: true, webauthn:extension:largeBlob: true, webauthn:extension:minPinLength: true, webauthn:extension:prf: true, webauthn:virtualAuthenticators: true}
Session ID: b4e414ab142104fa503ddde744558d54]]>
            </message>
            <full-stacktrace>
              <![CDATA[org.openqa.selenium.NoSuchElementException: no such element: Unable to locate element: {"method":"xpath","selector":"//h2[text()='Register Room']/parent::div[@class="alert alert-info"]/descendant::div[text()='Registration successfull. Thank you']"}
  (Session info: chrome=119.0.6045.200)
For documentation on this error, please visit: https://www.selenium.dev/documentation/webdriver/troubleshooting/errors#no-such-element-exception
Build info: version: '4.13.0', revision: 'ba948ece5b*'
System info: os.name: 'Windows 11', os.arch: 'amd64', os.version: '10.0', java.version: '17.0.8'
Driver info: org.openqa.selenium.chrome.ChromeDriver
Command: [b4e414ab142104fa503ddde744558d54, findElement {using=xpath, value=//h2[text()='Register Room']/parent::div[@class="alert alert-info"]/descendant::div[text()='Registration successfull. Thank you']}]
Capabilities {acceptInsecureCerts: false, browserName: chrome, browserVersion: 119.0.6045.200, chrome: {chromedriverVersion: 119.0.6045.105 (38c72552c5e..., userDataDir: C:\Users\SUSEE\AppData\Loca...}, fedcm:accounts: true, goog:chromeOptions: {debuggerAddress: localhost:58828}, networkConnectionEnabled: false, pageLoadStrategy: normal, platformName: windows, proxy: Proxy(), se:cdp: ws://localhost:58828/devtoo..., se:cdpVersion: 119.0.6045.200, setWindowRect: true, strictFileInteractability: false, timeouts: {implicit: 0, pageLoad: 300000, script: 30000}, unhandledPromptBehavior: dismiss and notify, webauthn:extension:credBlob: true, webauthn:extension:largeBlob: true, webauthn:extension:minPinLength: true, webauthn:extension:prf: true, webauthn:virtualAuthenticators: true}
Session ID: b4e414ab142104fa503ddde744558d54
at java.base/jdk.internal.reflect.NativeConstructorAccessorImpl.newInstance0(Native Method)
at java.base/jdk.internal.reflect.NativeConstructorAccessorImpl.newInstance(NativeConstructorAccessorImpl.java:77)
at java.base/jdk.internal.reflect.DelegatingConstructorAccessorImpl.newInstance(DelegatingConstructorAccessorImpl.java:45)
at java.base/java.lang.reflect.Constructor.newInstanceWithCaller(Constructor.java:499)
at java.base/java.lang.reflect.Constructor.newInstance(Constructor.java:480)
at org.openqa.selenium.remote.codec.w3c.W3CHttpResponseCodec.createException(W3CHttpResponseCodec.java:200)
at org.openqa.selenium.remote.codec.w3c.W3CHttpResponseCodec.decode(W3CHttpResponseCodec.java:133)
at org.openqa.selenium.remote.codec.w3c.W3CHttpResponseCodec.decode(W3CHttpResponseCodec.java:52)
at org.openqa.selenium.remote.HttpCommandExecutor.execute(HttpCommandExecutor.java:191)
at org.openqa.selenium.remote.service.DriverCommandExecutor.invokeExecute(DriverCommandExecutor.java:196)
at org.openqa.selenium.remote.service.DriverCommandExecutor.execute(DriverCommandExecutor.java:171)
at org.openqa.selenium.remote.RemoteWebDriver.execute(RemoteWebDriver.java:602)
at org.openqa.selenium.remote.ElementLocation$ElementFinder$2.findElement(ElementLocation.java:165)
at org.openqa.selenium.remote.ElementLocation.findElement(ElementLocation.java:59)
at org.openqa.selenium.remote.RemoteWebDriver.findElement(RemoteWebDriver.java:359)
at org.openqa.selenium.remote.RemoteWebDriver.findElement(RemoteWebDriver.java:353)
at org.openqa.selenium.support.pagefactory.DefaultElementLocator.findElement(DefaultElementLocator.java:68)
at org.openqa.selenium.support.pagefactory.internal.LocatingElementHandler.invoke(LocatingElementHandler.java:38)
at jdk.proxy2/jdk.proxy2.$Proxy21.getText(Unknown Source)
at com.ObjectRepo.HomeRegisterPage.confirmationMsg(HomeRegisterPage.java:173)
at com.hra.owner.G_HouseRegisterTest.HouseRegisterTestain(G_HouseRegisterTest.java:34)
at java.base/jdk.internal.reflect.NativeMethodAccessorImpl.invoke0(Native Method)
at java.base/jdk.internal.reflect.NativeMethodAccessorImpl.invoke(NativeMethodAccessorImpl.java:77)
at java.base/jdk.internal.reflect.DelegatingMethodAccessorImpl.invoke(DelegatingMethodAccessorImpl.java:43)
at java.base/java.lang.reflect.Method.invoke(Method.java:568)
at org.testng.internal.invokers.MethodInvocationHelper.invokeMethod(MethodInvocationHelper.java:139)
at org.testng.internal.invokers.TestInvoker.invokeMethod(TestInvoker.java:677)
at org.testng.internal.invokers.TestInvoker.invokeTestMethod(TestInvoker.java:221)
at org.testng.internal.invokers.MethodRunner.runInSequence(MethodRunner.java:50)
at org.testng.internal.invokers.TestInvoker$MethodInvocationAgent.invoke(TestInvoker.java:969)
at org.testng.internal.invokers.TestInvoker.invokeTestMethods(TestInvoker.java:194)
at org.testng.internal.invokers.TestMethodWorker.invokeTestMethods(TestMethodWorker.java:148)
at org.testng.internal.invokers.TestMethodWorker.run(TestMethodWorker.java:128)
at java.base/java.util.ArrayList.forEach(ArrayList.java:1511)
at org.testng.TestRunner.privateRun(TestRunner.java:829)
at org.testng.TestRunner.run(TestRunner.java:602)
at org.testng.SuiteRunner.runTest(SuiteRunner.java:437)
at org.testng.SuiteRunner$SuiteWorker.run(SuiteRunner.java:475)
at org.testng.internal.thread.ThreadUtil.lambda$execute$0(ThreadUtil.java:58)
at java.base/java.util.concurrent.FutureTask.run(FutureTask.java:264)
at java.base/java.util.concurrent.ThreadPoolExecutor.runWorker(ThreadPoolExecutor.java:1136)
at java.base/java.util.concurrent.ThreadPoolExecutor$Worker.run(ThreadPoolExecutor.java:635)
at java.base/java.lang.Thread.run(Thread.java:833)
]]>
            </full-stacktrace>
          </exception> <!-- org.openqa.selenium.NoSuchElementException -->
          <reporter-output>
            <line>
              <![CDATA[HouseRegisterTestain---Testscript Execution starts here---]]>
            </line>
            <line>
              <![CDATA[HouseRegisterTestainThu Nov 30 16:23:32 IST 2023---Testscript execution failed--]]>
            </line>
          </reporter-output>
        </test-method> <!-- HouseRegisterTestain -->
        <test-method is-config="true" signature="conf_AM()[pri:0, instance:com.hra.owner.G_HouseRegisterTest@4e08711f]" started-at="2023-11-30T16:23:32 IST" name="conf_AM" finished-at="2023-11-30T16:23:32 IST" duration-ms="351" status="PASS">
          <reporter-output>
          </reporter-output>
        </test-method> <!-- conf_AM -->
        <test-method is-config="true" signature="conf_AC()[pri:0, instance:com.hra.owner.G_HouseRegisterTest@4e08711f]" started-at="2023-11-30T16:23:32 IST" name="conf_AC" finished-at="2023-11-30T16:23:33 IST" duration-ms="530" status="PASS">
          <reporter-output>
          </reporter-output>
        </test-method> <!-- conf_AC -->
      </class> <!-- com.hra.owner.G_HouseRegisterTest -->
    </test> <!-- Test2 -->
  </suite> <!-- Suite -->
</testng-results>
